# JRE version: Java(TM) SE Runtime Environment (8.0_301-b09) (build 1.8.0_301-b09)
# Java VM: Java HotSpot(TM) 64-Bit Server VM (25.301-b09 mixed mode bsd-amd64 compressed oops)
Heap:
 PSYoungGen      total 331264K, used 222901K [0x00000007aab00000, 0x00000007bfd00000, 0x00000007c0000000)
  eden space 318464K, 69% used [0x00000007aab00000,0x00000007b84ad680,0x00000007be200000)
  from space 12800K, 0% used [0x00000007bf080000,0x00000007bf080000,0x00000007bfd00000)
  to   space 13824K, 0% used [0x00000007be200000,0x00000007be200000,0x00000007bef80000)
 ParOldGen       total 130560K, used 72496K [0x0000000780000000, 0x0000000787f80000, 0x00000007aab00000)
  object space 130560K, 55% used [0x0000000780000000,0x00000007846cc210,0x0000000787f80000)
 Metaspace       used 14186K, capacity 14782K, committed 15104K, reserved 1062912K
  class space    used 2055K, capacity 2186K, committed 2304K, reserved 1048576K
GC Heap History (10 events):
Event: 71.183 GC heap before
{Heap before GC invocations=39 (full 7):
 PSYoungGen      total 324608K, used 6428K [0x00000007aab00000, 0x00000007bff80000, 0x00000007c0000000)
  eden space 306688K, 2% used [0x00000007aab00000,0x00000007ab0ff000,0x00000007bd680000)
  from space 17920K, 1% used [0x00000007bd680000,0x00000007bd6c8000,0x00000007be800000)
  to   space 16896K, 0% used [0x00000007bef00000,0x00000007bef00000,0x00000007bff80000)
 ParOldGen       total 130560K, used 72496K [0x0000000780000000, 0x0000000787f80000, 0x00000007aab00000)
  object space 130560K, 55% used [0x0000000780000000,0x00000007846cc0e0,0x0000000787f80000)
 Metaspace       used 14170K, capacity 14782K, committed 15104K, reserved 1062912K
  class space    used 2051K, capacity 2186K, committed 2304K, reserved 1048576K
Event: 71.183 GC heap after
Heap after GC invocations=39 (full 7):
 PSYoungGen      total 329728K, used 96K [0x00000007aab00000, 0x00000007bfd80000, 0x00000007c0000000)
  eden space 314880K, 0% used [0x00000007aab00000,0x00000007aab00000,0x00000007bde80000)
  from space 14848K, 0% used [0x00000007bef00000,0x00000007bef18000,0x00000007bfd80000)
  to   space 15872K, 0% used [0x00000007bde80000,0x00000007bde80000,0x00000007bee00000)
 ParOldGen       total 130560K, used 72528K [0x0000000780000000, 0x0000000787f80000, 0x00000007aab00000)
  object space 130560K, 55% used [0x0000000780000000,0x00000007846d40e0,0x0000000787f80000)
 Metaspace       used 14170K, capacity 14782K, committed 15104K, reserved 1062912K
  class space    used 2051K, capacity 2186K, committed 2304K, reserved 1048576K
}
Event: 71.183 GC heap before
{Heap before GC invocations=40 (full 8):
 PSYoungGen      total 329728K, used 96K [0x00000007aab00000, 0x00000007bfd80000, 0x00000007c0000000)
  eden space 314880K, 0% used [0x00000007aab00000,0x00000007aab00000,0x00000007bde80000)
  from space 14848K, 0% used [0x00000007bef00000,0x00000007bef18000,0x00000007bfd80000)
  to   space 15872K, 0% used [0x00000007bde80000,0x00000007bde80000,0x00000007bee00000)
 ParOldGen       total 130560K, used 72528K [0x0000000780000000, 0x0000000787f80000, 0x00000007aab00000)
  object space 130560K, 55% used [0x0000000780000000,0x00000007846d40e0,0x0000000787f80000)
 Metaspace       used 14170K, capacity 14782K, committed 15104K, reserved 1062912K
  class space    used 2051K, capacity 2186K, committed 2304K, reserved 1048576K
Event: 71.242 GC heap after
Heap after GC invocations=40 (full 8):
 PSYoungGen      total 329728K, used 0K [0x00000007aab00000, 0x00000007bfd80000, 0x00000007c0000000)
  eden space 314880K, 0% used [0x00000007aab00000,0x00000007aab00000,0x00000007bde80000)
  from space 14848K, 0% used [0x00000007bef00000,0x00000007bef00000,0x00000007bfd80000)
  to   space 15872K, 0% used [0x00000007bde80000,0x00000007bde80000,0x00000007bee00000)
 ParOldGen       total 130560K, used 72495K [0x0000000780000000, 0x0000000787f80000, 0x00000007aab00000)
  object space 130560K, 55% used [0x0000000780000000,0x00000007846cbe58,0x0000000787f80000)
 Metaspace       used 14170K, capacity 14782K, committed 15104K, reserved 1062912K
  class space    used 2051K, capacity 2186K, committed 2304K, reserved 1048576K
}
Event: 71.623 GC heap before
{Heap before GC invocations=41 (full 8):
 PSYoungGen      total 329728K, used 314880K [0x00000007aab00000, 0x00000007bfd80000, 0x00000007c0000000)
  eden space 314880K, 100% used [0x00000007aab00000,0x00000007bde80000,0x00000007bde80000)
  from space 14848K, 0% used [0x00000007bef00000,0x00000007bef00000,0x00000007bfd80000)
  to   space 15872K, 0% used [0x00000007bde80000,0x00000007bde80000,0x00000007bee00000)
 ParOldGen       total 130560K, used 72495K [0x0000000780000000, 0x0000000787f80000, 0x00000007aab00000)
  object space 130560K, 55% used [0x0000000780000000,0x00000007846cbe58,0x0000000787f80000)
 Metaspace       used 14170K, capacity 14782K, committed 15104K, reserved 1062912K
  class space    used 2051K, capacity 2186K, committed 2304K, reserved 1048576K
Event: 71.624 GC heap after
Heap after GC invocations=41 (full 8):
 PSYoungGen      total 330752K, used 224K [0x00000007aab00000, 0x00000007bff00000, 0x00000007c0000000)
  eden space 314880K, 0% used [0x00000007aab00000,0x00000007aab00000,0x00000007bde80000)
  from space 15872K, 1% used [0x00000007bde80000,0x00000007bdeb8000,0x00000007bee00000)
  to   space 14848K, 0% used [0x00000007bf080000,0x00000007bf080000,0x00000007bff00000)
 ParOldGen       total 130560K, used 72495K [0x0000000780000000, 0x0000000787f80000, 0x00000007aab00000)
  object space 130560K, 55% used [0x0000000780000000,0x00000007846cbe58,0x0000000787f80000)
 Metaspace       used 14170K, capacity 14782K, committed 15104K, reserved 1062912K
  class space    used 2051K, capacity 2186K, committed 2304K, reserved 1048576K
}
Event: 71.649 GC heap before
{Heap before GC invocations=42 (full 8):
 PSYoungGen      total 330752K, used 6525K [0x00000007aab00000, 0x00000007bff00000, 0x00000007c0000000)
  eden space 314880K, 2% used [0x00000007aab00000,0x00000007ab1276e8,0x00000007bde80000)
  from space 15872K, 1% used [0x00000007bde80000,0x00000007bdeb8000,0x00000007bee00000)
  to   space 14848K, 0% used [0x00000007bf080000,0x00000007bf080000,0x00000007bff00000)
 ParOldGen       total 130560K, used 72495K [0x0000000780000000, 0x0000000787f80000, 0x00000007aab00000)
  object space 130560K, 55% used [0x0000000780000000,0x00000007846cbe58,0x0000000787f80000)
 Metaspace       used 14170K, capacity 14782K, committed 15104K, reserved 1062912K
  class space    used 2051K, capacity 2186K, committed 2304K, reserved 1048576K
Event: 71.650 GC heap after
Heap after GC invocations=42 (full 8):
 PSYoungGen      total 331264K, used 192K [0x00000007aab00000, 0x00000007bfd00000, 0x00000007c0000000)
  eden space 318464K, 0% used [0x00000007aab00000,0x00000007aab00000,0x00000007be200000)
  from space 12800K, 1% used [0x00000007bf080000,0x00000007bf0b0000,0x00000007bfd00000)
  to   space 13824K, 0% used [0x00000007be200000,0x00000007be200000,0x00000007bef80000)
 ParOldGen       total 130560K, used 72519K [0x0000000780000000, 0x0000000787f80000, 0x00000007aab00000)
  object space 130560K, 55% used [0x0000000780000000,0x00000007846d1e58,0x0000000787f80000)
 Metaspace       used 14170K, capacity 14782K, committed 15104K, reserved 1062912K
  class space    used 2051K, capacity 2186K, committed 2304K, reserved 1048576K
}
Event: 71.650 GC heap before
{Heap before GC invocations=43 (full 9):
 PSYoungGen      total 331264K, used 192K [0x00000007aab00000, 0x00000007bfd00000, 0x00000007c0000000)
  eden space 318464K, 0% used [0x00000007aab00000,0x00000007aab00000,0x00000007be200000)
  from space 12800K, 1% used [0x00000007bf080000,0x00000007bf0b0000,0x00000007bfd00000)
  to   space 13824K, 0% used [0x00000007be200000,0x00000007be200000,0x00000007bef80000)
 ParOldGen       total 130560K, used 72519K [0x0000000780000000, 0x0000000787f80000, 0x00000007aab00000)
  object space 130560K, 55% used [0x0000000780000000,0x00000007846d1e58,0x0000000787f80000)
 Metaspace       used 14170K, capacity 14782K, committed 15104K, reserved 1062912K
  class space    used 2051K, capacity 2186K, committed 2304K, reserved 1048576K
Event: 71.713 GC heap after
Heap after GC invocations=43 (full 9):
 PSYoungGen      total 331264K, used 0K [0x00000007aab00000, 0x00000007bfd00000, 0x00000007c0000000)
  eden space 318464K, 0% used [0x00000007aab00000,0x00000007aab00000,0x00000007be200000)
  from space 12800K, 0% used [0x00000007bf080000,0x00000007bf080000,0x00000007bfd00000)
  to   space 13824K, 0% used [0x00000007be200000,0x00000007be200000,0x00000007bef80000)
 ParOldGen       total 130560K, used 72496K [0x0000000780000000, 0x0000000787f80000, 0x00000007aab00000)
  object space 130560K, 55% used [0x0000000780000000,0x00000007846cc210,0x0000000787f80000)
 Metaspace       used 14170K, capacity 14782K, committed 15104K, reserved 1062912K
  class space    used 2051K, capacity 2186K, committed 2304K, reserved 1048576K
}

